{"/Users/marcopollacci/progetti/mp-component/src/components/mp-font-awesome/mp-font-awesome.tsx": {"path":"/Users/marcopollacci/progetti/mp-component/src/components/mp-font-awesome/mp-font-awesome.tsx","statementMap":{"0":{"start":{"line":1,"column":0},"end":{"line":1,"column":51}},"1":{"start":{"line":13,"column":4},"end":{"line":15,"column":7}},"2":{"start":{"line":3,"column":0},"end":{"line":3,"column":null}}},"fnMap":{"0":{"name":"(anonymous_1)","decl":{"start":{"line":12,"column":2},"end":{"line":12,"column":8}},"loc":{"start":{"line":12,"column":8},"end":{"line":16,"column":3}}}},"branchMap":{},"s":{"0":1,"1":1,"2":1},"f":{"0":1},"b":{}}
,"/Users/marcopollacci/progetti/mp-component/src/components/mp-select-image-option/mp-select-image-option.tsx": {"path":"/Users/marcopollacci/progetti/mp-component/src/components/mp-select-image-option/mp-select-image-option.tsx","statementMap":{"0":{"start":{"line":1,"column":0},"end":{"line":1,"column":109}},"1":{"start":{"line":11,"column":2},"end":{"line":11,"column":37}},"2":{"start":{"line":14,"column":27},"end":{"line":14,"column":62}},"3":{"start":{"line":15,"column":42},"end":{"line":15,"column":61}},"4":{"start":{"line":16,"column":27},"end":{"line":16,"column":44}},"5":{"start":{"line":17,"column":27},"end":{"line":17,"column":44}},"6":{"start":{"line":18,"column":10},"end":{"line":18,"column":38}},"7":{"start":{"line":19,"column":11},"end":{"line":19,"column":24}},"8":{"start":{"line":20,"column":11},"end":{"line":20,"column":49}},"9":{"start":{"line":25,"column":4},"end":{"line":25,"column":27}},"10":{"start":{"line":30,"column":4},"end":{"line":32,"column":null}},"11":{"start":{"line":31,"column":6},"end":{"line":31,"column":34}},"12":{"start":{"line":36,"column":4},"end":{"line":44,"column":null}},"13":{"start":{"line":37,"column":27},"end":{"line":37,"column":97}},"14":{"start":{"line":37,"column":68},"end":{"line":37,"column":96}},"15":{"start":{"line":38,"column":6},"end":{"line":40,"column":null}},"16":{"start":{"line":39,"column":8},"end":{"line":39,"column":63}},"17":{"start":{"line":41,"column":6},"end":{"line":43,"column":null}},"18":{"start":{"line":42,"column":8},"end":{"line":42,"column":63}},"19":{"start":{"line":48,"column":4},"end":{"line":48,"column":72}},"20":{"start":{"line":49,"column":4},"end":{"line":51,"column":null}},"21":{"start":{"line":50,"column":6},"end":{"line":50,"column":149}},"22":{"start":{"line":52,"column":4},"end":{"line":52,"column":27}},"23":{"start":{"line":56,"column":4},"end":{"line":59,"column":null}},"24":{"start":{"line":57,"column":6},"end":{"line":57,"column":95}},"25":{"start":{"line":57,"column":65},"end":{"line":57,"column":93}},"26":{"start":{"line":58,"column":6},"end":{"line":58,"column":31}},"27":{"start":{"line":63,"column":4},"end":{"line":63,"column":34}},"28":{"start":{"line":64,"column":4},"end":{"line":64,"column":45}},"29":{"start":{"line":65,"column":4},"end":{"line":65,"column":38}},"30":{"start":{"line":66,"column":4},"end":{"line":66,"column":35}},"31":{"start":{"line":70,"column":4},"end":{"line":70,"column":48}},"32":{"start":{"line":74,"column":4},"end":{"line":95,"column":null}},"33":{"start":{"line":75,"column":6},"end":{"line":94,"column":8}},"34":{"start":{"line":78,"column":29},"end":{"line":78,"column":51}},"35":{"start":{"line":85,"column":14},"end":{"line":89,"column":null}},"36":{"start":{"line":85,"column":86},"end":{"line":85,"column":116}},"37":{"start":{"line":99,"column":24},"end":{"line":101,"column":6}},"38":{"start":{"line":102,"column":4},"end":{"line":106,"column":null}},"39":{"start":{"line":103,"column":6},"end":{"line":105,"column":14}},"40":{"start":{"line":107,"column":4},"end":{"line":107,"column":23}},"41":{"start":{"line":4,"column":0},"end":{"line":4,"column":null}}},"fnMap":{"0":{"name":"(anonymous_0)","decl":{"start":{"line":4,"column":0},"end":{"line":4,"column":null}},"loc":{"start":{"line":4,"column":0},"end":{"line":109,"column":null}}},"1":{"name":"(anonymous_1)","decl":{"start":{"line":24,"column":2},"end":{"line":24,"column":12}},"loc":{"start":{"line":24,"column":12},"end":{"line":26,"column":3}}},"2":{"name":"(anonymous_2)","decl":{"start":{"line":29,"column":2},"end":{"line":29,"column":13}},"loc":{"start":{"line":29,"column":31},"end":{"line":33,"column":3}}},"3":{"name":"(anonymous_3)","decl":{"start":{"line":35,"column":2},"end":{"line":35,"column":16}},"loc":{"start":{"line":35,"column":28},"end":{"line":45,"column":3}}},"4":{"name":"(anonymous_4)","decl":{"start":{"line":37,"column":55},"end":{"line":37,"column":56}},"loc":{"start":{"line":37,"column":68},"end":{"line":37,"column":96}}},"5":{"name":"(anonymous_5)","decl":{"start":{"line":47,"column":2},"end":{"line":47,"column":19}},"loc":{"start":{"line":47,"column":19},"end":{"line":53,"column":3}}},"6":{"name":"(anonymous_6)","decl":{"start":{"line":55,"column":2},"end":{"line":55,"column":17}},"loc":{"start":{"line":55,"column":17},"end":{"line":60,"column":3}}},"7":{"name":"(anonymous_7)","decl":{"start":{"line":57,"column":52},"end":{"line":57,"column":53}},"loc":{"start":{"line":57,"column":65},"end":{"line":57,"column":93}}},"8":{"name":"(anonymous_8)","decl":{"start":{"line":62,"column":2},"end":{"line":62,"column":15}},"loc":{"start":{"line":62,"column":41},"end":{"line":67,"column":3}}},"9":{"name":"(anonymous_9)","decl":{"start":{"line":69,"column":2},"end":{"line":69,"column":9}},"loc":{"start":{"line":69,"column":23},"end":{"line":71,"column":3}}},"10":{"name":"(anonymous_10)","decl":{"start":{"line":73,"column":2},"end":{"line":73,"column":8}},"loc":{"start":{"line":73,"column":8},"end":{"line":96,"column":3}}},"11":{"name":"(anonymous_11)","decl":{"start":{"line":78,"column":23},"end":{"line":78,"column":26}},"loc":{"start":{"line":78,"column":29},"end":{"line":78,"column":51}}},"12":{"name":"(anonymous_12)","decl":{"start":{"line":84,"column":73},"end":{"line":84,"column":74}},"loc":{"start":{"line":85,"column":14},"end":{"line":89,"column":null}}},"13":{"name":"(anonymous_13)","decl":{"start":{"line":85,"column":80},"end":{"line":85,"column":83}},"loc":{"start":{"line":85,"column":86},"end":{"line":85,"column":116}}},"14":{"name":"(anonymous_14)","decl":{"start":{"line":98,"column":2},"end":{"line":98,"column":15}},"loc":{"start":{"line":98,"column":15},"end":{"line":108,"column":3}}}},"branchMap":{"0":{"loc":{"start":{"line":30,"column":4},"end":{"line":32,"column":null}},"type":"if","locations":[{"start":{"line":30,"column":4},"end":{"line":32,"column":null}}]},"1":{"loc":{"start":{"line":36,"column":4},"end":{"line":44,"column":null}},"type":"if","locations":[{"start":{"line":36,"column":4},"end":{"line":44,"column":null}}]},"2":{"loc":{"start":{"line":38,"column":6},"end":{"line":40,"column":null}},"type":"if","locations":[{"start":{"line":38,"column":6},"end":{"line":40,"column":null}}]},"3":{"loc":{"start":{"line":38,"column":10},"end":{"line":38,"column":72}},"type":"binary-expr","locations":[{"start":{"line":38,"column":10},"end":{"line":38,"column":27}},{"start":{"line":38,"column":31},"end":{"line":38,"column":72}}]},"4":{"loc":{"start":{"line":41,"column":6},"end":{"line":43,"column":null}},"type":"if","locations":[{"start":{"line":41,"column":6},"end":{"line":43,"column":null}}]},"5":{"loc":{"start":{"line":41,"column":10},"end":{"line":41,"column":101}},"type":"binary-expr","locations":[{"start":{"line":41,"column":10},"end":{"line":41,"column":29}},{"start":{"line":41,"column":33},"end":{"line":41,"column":101}}]},"6":{"loc":{"start":{"line":49,"column":4},"end":{"line":51,"column":null}},"type":"if","locations":[{"start":{"line":49,"column":4},"end":{"line":51,"column":null}}]},"7":{"loc":{"start":{"line":49,"column":8},"end":{"line":49,"column":75}},"type":"binary-expr","locations":[{"start":{"line":49,"column":8},"end":{"line":49,"column":23}},{"start":{"line":49,"column":27},"end":{"line":49,"column":75}}]},"8":{"loc":{"start":{"line":56,"column":4},"end":{"line":59,"column":null}},"type":"if","locations":[{"start":{"line":56,"column":4},"end":{"line":59,"column":null}}]},"9":{"loc":{"start":{"line":56,"column":8},"end":{"line":56,"column":46}},"type":"binary-expr","locations":[{"start":{"line":56,"column":8},"end":{"line":56,"column":32}},{"start":{"line":56,"column":36},"end":{"line":56,"column":46}}]},"10":{"loc":{"start":{"line":74,"column":4},"end":{"line":95,"column":null}},"type":"if","locations":[{"start":{"line":74,"column":4},"end":{"line":95,"column":null}}]},"11":{"loc":{"start":{"line":80,"column":15},"end":{"line":80,"column":79}},"type":"cond-expr","locations":[{"start":{"line":80,"column":38},"end":{"line":80,"column":58}},{"start":{"line":80,"column":61},"end":{"line":80,"column":79}}]},"12":{"loc":{"start":{"line":81,"column":15},"end":{"line":82,"column":116}},"type":"binary-expr","locations":[{"start":{"line":81,"column":16},"end":{"line":81,"column":30}},{"start":{"line":81,"column":34},"end":{"line":81,"column":48}},{"start":{"line":82,"column":16},"end":{"line":82,"column":116}}]},"13":{"loc":{"start":{"line":82,"column":85},"end":{"line":82,"column":110}},"type":"cond-expr","locations":[{"start":{"line":82,"column":97},"end":{"line":82,"column":101}},{"start":{"line":82,"column":104},"end":{"line":82,"column":110}}]},"14":{"loc":{"start":{"line":84,"column":13},"end":{"line":90,"column":null}},"type":"binary-expr","locations":[{"start":{"line":84,"column":14},"end":{"line":84,"column":28}},{"start":{"line":84,"column":32},"end":{"line":84,"column":46}},{"start":{"line":84,"column":51},"end":{"line":90,"column":null}}]},"15":{"loc":{"start":{"line":86,"column":17},"end":{"line":87,"column":null}},"type":"binary-expr","locations":[{"start":{"line":86,"column":18},"end":{"line":86,"column":36}},{"start":{"line":86,"column":40},"end":{"line":86,"column":56}},{"start":{"line":86,"column":61},"end":{"line":87,"column":null}}]},"16":{"loc":{"start":{"line":87,"column":54},"end":{"line":87,"column":92}},"type":"binary-expr","locations":[{"start":{"line":87,"column":54},"end":{"line":87,"column":72}},{"start":{"line":87,"column":76},"end":{"line":87,"column":92}}]},"17":{"loc":{"start":{"line":102,"column":4},"end":{"line":106,"column":null}},"type":"if","locations":[{"start":{"line":102,"column":4},"end":{"line":106,"column":null}}]},"18":{"loc":{"start":{"line":102,"column":8},"end":{"line":102,"column":56}},"type":"binary-expr","locations":[{"start":{"line":102,"column":8},"end":{"line":102,"column":36}},{"start":{"line":102,"column":40},"end":{"line":102,"column":56}}]},"19":{"loc":{"start":{"line":104,"column":44},"end":{"line":104,"column":92}},"type":"binary-expr","locations":[{"start":{"line":104,"column":44},"end":{"line":104,"column":72}},{"start":{"line":104,"column":76},"end":{"line":104,"column":92}}]}},"s":{"0":1,"1":3,"2":3,"3":3,"4":3,"5":3,"6":3,"7":3,"8":3,"9":0,"10":0,"11":0,"12":0,"13":0,"14":0,"15":0,"16":0,"17":0,"18":0,"19":2,"20":2,"21":0,"22":2,"23":2,"24":1,"25":1,"26":1,"27":1,"28":1,"29":1,"30":1,"31":2,"32":2,"33":2,"34":0,"35":3,"36":0,"37":1,"38":1,"39":1,"40":1,"41":1},"f":{"0":3,"1":0,"2":0,"3":0,"4":0,"5":2,"6":2,"7":1,"8":1,"9":2,"10":2,"11":0,"12":3,"13":0,"14":1},"b":{"0":[0],"1":[0],"2":[0],"3":[0,0],"4":[0],"5":[0,0],"6":[0],"7":[2,2],"8":[1],"9":[2,1],"10":[2],"11":[1,1],"12":[2,2,2],"13":[0,2],"14":[2,2,2],"15":[3,2,1],"16":[1,0],"17":[1],"18":[1,0],"19":[1,0]}}
,"/Users/marcopollacci/progetti/mp-component/src/components/mp-text-description/mp-text-description.tsx": {"path":"/Users/marcopollacci/progetti/mp-component/src/components/mp-text-description/mp-text-description.tsx","statementMap":{"0":{"start":{"line":1,"column":0},"end":{"line":1,"column":57}},"1":{"start":{"line":13,"column":4},"end":{"line":18,"column":6}},"2":{"start":{"line":3,"column":0},"end":{"line":3,"column":null}}},"fnMap":{"0":{"name":"(anonymous_1)","decl":{"start":{"line":12,"column":2},"end":{"line":12,"column":8}},"loc":{"start":{"line":12,"column":8},"end":{"line":19,"column":3}}}},"branchMap":{"0":{"loc":{"start":{"line":15,"column":9},"end":{"line":15,"column":62}},"type":"binary-expr","locations":[{"start":{"line":15,"column":9},"end":{"line":15,"column":28}},{"start":{"line":15,"column":32},"end":{"line":15,"column":62}}]}},"s":{"0":1,"1":2,"2":1},"f":{"0":2},"b":{"0":[2,1]}}
,"/Users/marcopollacci/progetti/mp-component/src/utils/utils.ts": {"path":"/Users/marcopollacci/progetti/mp-component/src/utils/utils.ts","statementMap":{"0":{"start":{"line":2,"column":2},"end":{"line":2,"column":81}},"1":{"start":{"line":1,"column":0},"end":{"line":1,"column":16}}},"fnMap":{"0":{"name":"format","decl":{"start":{"line":1,"column":16},"end":{"line":1,"column":22}},"loc":{"start":{"line":1,"column":66},"end":{"line":3,"column":1}}}},"branchMap":{"0":{"loc":{"start":{"line":2,"column":10},"end":{"line":2,"column":21}},"type":"binary-expr","locations":[{"start":{"line":2,"column":10},"end":{"line":2,"column":15}},{"start":{"line":2,"column":19},"end":{"line":2,"column":21}}]},"1":{"loc":{"start":{"line":2,"column":26},"end":{"line":2,"column":52}},"type":"cond-expr","locations":[{"start":{"line":2,"column":35},"end":{"line":2,"column":47}},{"start":{"line":2,"column":50},"end":{"line":2,"column":52}}]},"2":{"loc":{"start":{"line":2,"column":57},"end":{"line":2,"column":79}},"type":"cond-expr","locations":[{"start":{"line":2,"column":64},"end":{"line":2,"column":74}},{"start":{"line":2,"column":77},"end":{"line":2,"column":79}}]}},"s":{"0":4,"1":1},"f":{"0":4},"b":{"0":[4,1],"1":[1,3],"2":[2,2]}}
}
