TN:
SF:src/components/mp-font-awesome/mp-font-awesome.tsx
FN:12,(anonymous_1)
FNF:1
FNH:1
FNDA:1,(anonymous_1)
DA:1,1
DA:3,1
DA:13,1
LF:3
LH:3
BRF:0
BRH:0
end_of_record
TN:
SF:src/components/mp-select-image-option/mp-select-image-option.tsx
FN:4,(anonymous_0)
FN:24,(anonymous_1)
FN:29,(anonymous_2)
FN:35,(anonymous_3)
FN:37,(anonymous_4)
FN:47,(anonymous_5)
FN:55,(anonymous_6)
FN:57,(anonymous_7)
FN:62,(anonymous_8)
FN:69,(anonymous_9)
FN:73,(anonymous_10)
FN:78,(anonymous_11)
FN:84,(anonymous_12)
FN:85,(anonymous_13)
FN:98,(anonymous_14)
FNF:15
FNH:9
FNDA:3,(anonymous_0)
FNDA:0,(anonymous_1)
FNDA:0,(anonymous_2)
FNDA:0,(anonymous_3)
FNDA:0,(anonymous_4)
FNDA:2,(anonymous_5)
FNDA:2,(anonymous_6)
FNDA:1,(anonymous_7)
FNDA:1,(anonymous_8)
FNDA:2,(anonymous_9)
FNDA:2,(anonymous_10)
FNDA:0,(anonymous_11)
FNDA:3,(anonymous_12)
FNDA:0,(anonymous_13)
FNDA:1,(anonymous_14)
DA:1,1
DA:4,1
DA:11,3
DA:14,3
DA:15,3
DA:16,3
DA:17,3
DA:18,3
DA:19,3
DA:20,3
DA:25,0
DA:30,0
DA:31,0
DA:36,0
DA:37,0
DA:38,0
DA:39,0
DA:41,0
DA:42,0
DA:48,2
DA:49,2
DA:50,0
DA:52,2
DA:56,2
DA:57,1
DA:58,1
DA:63,1
DA:64,1
DA:65,1
DA:66,1
DA:70,2
DA:74,2
DA:75,2
DA:78,0
DA:85,3
DA:99,1
DA:102,1
DA:103,1
DA:107,1
LF:39
LH:28
BRDA:30,0,0,0
BRDA:36,1,0,0
BRDA:38,2,0,0
BRDA:38,3,0,0
BRDA:38,3,1,0
BRDA:41,4,0,0
BRDA:41,5,0,0
BRDA:41,5,1,0
BRDA:49,6,0,0
BRDA:49,7,0,2
BRDA:49,7,1,2
BRDA:56,8,0,1
BRDA:56,9,0,2
BRDA:56,9,1,1
BRDA:74,10,0,2
BRDA:80,11,0,1
BRDA:80,11,1,1
BRDA:81,12,0,2
BRDA:81,12,1,2
BRDA:81,12,2,2
BRDA:82,13,0,0
BRDA:82,13,1,2
BRDA:84,14,0,2
BRDA:84,14,1,2
BRDA:84,14,2,2
BRDA:86,15,0,3
BRDA:86,15,1,2
BRDA:86,15,2,1
BRDA:87,16,0,1
BRDA:87,16,1,0
BRDA:102,17,0,1
BRDA:102,18,0,1
BRDA:102,18,1,0
BRDA:104,19,0,1
BRDA:104,19,1,0
BRF:35
BRH:22
end_of_record
TN:
SF:src/components/mp-text-description/mp-text-description.tsx
FN:12,(anonymous_1)
FNF:1
FNH:1
FNDA:2,(anonymous_1)
DA:1,1
DA:3,1
DA:13,2
LF:3
LH:3
BRDA:15,0,0,2
BRDA:15,0,1,1
BRF:2
BRH:2
end_of_record
TN:
SF:src/utils/utils.ts
FN:1,format
FNF:1
FNH:1
FNDA:4,format
DA:1,1
DA:2,4
LF:2
LH:2
BRDA:2,0,0,4
BRDA:2,0,1,1
BRDA:2,1,0,1
BRDA:2,1,1,3
BRDA:2,2,0,2
BRDA:2,2,1,2
BRF:6
BRH:6
end_of_record
